
Log started (V20.1.0.0) Sat Apr 30 00:51:11 2022


Problem 'file.lp' read.
Read time = 0.02 sec. (0.00 ticks)
Version identifier: 20.1.0.0 | 2020-11-10 | 9bedb6d68
Bound infeasibility column 'horasTrabalhar@0'.
Presolve time = 0.00 sec. (0.01 ticks)
Presolve - Infeasible.
Solution time =    0.00 sec.
Deterministic time = 0.01 ticks  (8.40 ticks/sec)

Log started (V20.1.0.0) Sat Apr 30 00:51:52 2022

No problem exists.

Problem 'file.lp' read.
Read time = 0.00 sec. (0.00 ticks)
Version identifier: 20.1.0.0 | 2020-11-10 | 9bedb6d68
Bound infeasibility column 'horasTrabalhar@0'.
Presolve time = 0.00 sec. (0.01 ticks)
Presolve - Infeasible.
Solution time =    0.00 sec.
Deterministic time = 0.01 ticks  (7.25 ticks/sec)
No solution exists.

Log started (V20.1.0.0) Sat Apr 30 00:55:05 2022


Problem 'file.lp' read.
Read time = 0.02 sec. (0.00 ticks)
Version identifier: 20.1.0.0 | 2020-11-10 | 9bedb6d68
Bound infeasibility column 'horasTrabalhar@0'.
Presolve time = 0.00 sec. (0.01 ticks)

Root node processing (before b&c):
  Real time             =    0.00 sec. (0.01 ticks)
Parallel b&c, 6 threads:
  Real time             =    0.00 sec. (0.00 ticks)
  Sync time (average)   =    0.00 sec.
  Wait time (average)   =    0.00 sec.
                          ------------
Total (root+branch&cut) =    0.00 sec. (0.01 ticks)


MIP - Integer infeasible.
Current MIP best bound =  0.0000000000e+00 (gap is infinite)
Solution time =    0.00 sec.  Iterations = 0  Nodes = 0 (1)
Deterministic time = 0.01 ticks  (11.98 ticks/sec)

No integer feasible solution exists.

Log started (V20.1.0.0) Sat Apr 30 00:55:49 2022


Problem 'file.lp' read.
Read time = 0.00 sec. (0.00 ticks)
Version identifier: 20.1.0.0 | 2020-11-10 | 9bedb6d68
Bound infeasibility column 'horasTrabalhar@0'.
Presolve time = 0.00 sec. (0.01 ticks)

Root node processing (before b&c):
  Real time             =    0.00 sec. (0.01 ticks)
Parallel b&c, 6 threads:
  Real time             =    0.00 sec. (0.00 ticks)
  Sync time (average)   =    0.00 sec.
  Wait time (average)   =    0.00 sec.
                          ------------
Total (root+branch&cut) =    0.00 sec. (0.01 ticks)


MIP - Integer infeasible.
Current MIP best bound =  0.0000000000e+00 (gap is infinite)
Solution time =    0.00 sec.  Iterations = 0  Nodes = 0 (1)
Deterministic time = 0.01 ticks  (12.08 ticks/sec)


Log started (V20.1.0.0) Sat Apr 30 00:57:12 2022


Problem 'file.lp' read.
Read time = 0.00 sec. (0.00 ticks)
Version identifier: 20.1.0.0 | 2020-11-10 | 9bedb6d68
Bound infeasibility column 'horasTrabalhar@0'.
Presolve time = 0.00 sec. (0.01 ticks)

Root node processing (before b&c):
  Real time             =    0.00 sec. (0.01 ticks)
Parallel b&c, 6 threads:
  Real time             =    0.00 sec. (0.00 ticks)
  Sync time (average)   =    0.00 sec.
  Wait time (average)   =    0.00 sec.
                          ------------
Total (root+branch&cut) =    0.00 sec. (0.01 ticks)


MIP - Integer infeasible.
Current MIP best bound =  0.0000000000e+00 (gap is infinite)
Solution time =    0.00 sec.  Iterations = 0  Nodes = 0 (1)
Deterministic time = 0.01 ticks  (11.96 ticks/sec)


Log started (V20.1.0.0) Sat Apr 30 00:57:32 2022


Problem 'file.lp' read.
Read time = 0.00 sec. (0.00 ticks)
Version identifier: 20.1.0.0 | 2020-11-10 | 9bedb6d68
Bound infeasibility column 'horasTrabalhar@0'.
Presolve time = 0.00 sec. (0.01 ticks)

Root node processing (before b&c):
  Real time             =    0.00 sec. (0.01 ticks)
Parallel b&c, 6 threads:
  Real time             =    0.00 sec. (0.00 ticks)
  Sync time (average)   =    0.00 sec.
  Wait time (average)   =    0.00 sec.
                          ------------
Total (root+branch&cut) =    0.00 sec. (0.01 ticks)


MIP - Integer infeasible.
Current MIP best bound =  0.0000000000e+00 (gap is infinite)
Solution time =    0.00 sec.  Iterations = 0  Nodes = 0 (1)
Deterministic time = 0.01 ticks  (11.89 ticks/sec)


Log started (V20.1.0.0) Sat Apr 30 00:57:54 2022


Problem 'file.lp' read.
Read time = 0.00 sec. (0.00 ticks)
Version identifier: 20.1.0.0 | 2020-11-10 | 9bedb6d68
Bound infeasibility column 'horasTrabalhar@0'.
Presolve time = 0.00 sec. (0.01 ticks)

Root node processing (before b&c):
  Real time             =    0.00 sec. (0.01 ticks)
Parallel b&c, 6 threads:
  Real time             =    0.00 sec. (0.00 ticks)
  Sync time (average)   =    0.00 sec.
  Wait time (average)   =    0.00 sec.
                          ------------
Total (root+branch&cut) =    0.00 sec. (0.01 ticks)


MIP - Integer infeasible.
Current MIP best bound =  0.0000000000e+00 (gap is infinite)
Solution time =    0.00 sec.  Iterations = 0  Nodes = 0 (1)
Deterministic time = 0.01 ticks  (11.97 ticks/sec)


Log started (V20.1.0.0) Sat Apr 30 01:00:38 2022


Problem 'file.lp' read.
Read time = 0.00 sec. (0.00 ticks)
Version identifier: 20.1.0.0 | 2020-11-10 | 9bedb6d68
Infeasibility row 'maxHorasDiari@1e':  0 <= -32.
Presolve time = 0.00 sec. (0.01 ticks)

Root node processing (before b&c):
  Real time             =    0.00 sec. (0.01 ticks)
Parallel b&c, 6 threads:
  Real time             =    0.00 sec. (0.00 ticks)
  Sync time (average)   =    0.00 sec.
  Wait time (average)   =    0.00 sec.
                          ------------
Total (root+branch&cut) =    0.00 sec. (0.01 ticks)


MIP - Integer infeasible.
Current MIP best bound =  0.0000000000e+00 (gap is infinite)
Solution time =    0.02 sec.  Iterations = 0  Nodes = 0 (1)
Deterministic time = 0.01 ticks  (0.68 ticks/sec)


Log started (V20.1.0.0) Sat Apr 30 01:00:59 2022


Problem 'file.lp' read.
Read time = 0.00 sec. (0.00 ticks)
Version identifier: 20.1.0.0 | 2020-11-10 | 9bedb6d68
Bound infeasibility column 'horasTrabalha@14'.
Presolve time = 0.00 sec. (0.01 ticks)

Root node processing (before b&c):
  Real time             =    0.00 sec. (0.01 ticks)
Parallel b&c, 6 threads:
  Real time             =    0.00 sec. (0.00 ticks)
  Sync time (average)   =    0.00 sec.
  Wait time (average)   =    0.00 sec.
                          ------------
Total (root+branch&cut) =    0.00 sec. (0.01 ticks)


MIP - Integer infeasible.
Current MIP best bound =  0.0000000000e+00 (gap is infinite)
Solution time =    0.00 sec.  Iterations = 0  Nodes = 0 (1)
Deterministic time = 0.01 ticks  (9.96 ticks/sec)


Log started (V20.1.0.0) Sat Apr 30 01:01:16 2022


Problem 'file.lp' read.
Read time = 0.00 sec. (0.00 ticks)

Problem 'file.lp' read.
Read time = 0.00 sec. (0.00 ticks)
Version identifier: 20.1.0.0 | 2020-11-10 | 9bedb6d68
Bound infeasibility column 'horasTrabalhar@0'.
Presolve time = 0.00 sec. (0.01 ticks)

Root node processing (before b&c):
  Real time             =    0.00 sec. (0.01 ticks)
Parallel b&c, 6 threads:
  Real time             =    0.00 sec. (0.00 ticks)
  Sync time (average)   =    0.00 sec.
  Wait time (average)   =    0.00 sec.
                          ------------
Total (root+branch&cut) =    0.00 sec. (0.01 ticks)


MIP - Integer infeasible.
Current MIP best bound =  0.0000000000e+00 (gap is infinite)
Solution time =    0.00 sec.  Iterations = 0  Nodes = 0 (1)
Deterministic time = 0.01 ticks  (10.96 ticks/sec)


Log started (V20.1.0.0) Sat Apr 30 01:02:03 2022


Problem 'file.lp' read.
Read time = 0.00 sec. (0.00 ticks)
Version identifier: 20.1.0.0 | 2020-11-10 | 9bedb6d68
Found incumbent of value 0.000000 after 0.00 sec. (0.00 ticks)

Root node processing (before b&c):
  Real time             =    0.00 sec. (0.00 ticks)
Parallel b&c, 6 threads:
  Real time             =    0.00 sec. (0.00 ticks)
  Sync time (average)   =    0.00 sec.
  Wait time (average)   =    0.00 sec.
                          ------------
Total (root+branch&cut) =    0.00 sec. (0.00 ticks)

Solution pool: 1 solution saved.

MIP - Integer optimal solution:  Objective =  0.0000000000e+00
Solution time =    0.00 sec.  Iterations = 0  Nodes = 0 (1)
Deterministic time = 0.00 ticks  (2.37 ticks/sec)


Log started (V20.1.0.0) Sat Apr 30 01:06:34 2022


Problem 'file.lp' read.
Read time = 0.00 sec. (0.00 ticks)
Version identifier: 20.1.0.0 | 2020-11-10 | 9bedb6d68
Bound infeasibility column 'horasTrabalhar@0'.
Presolve time = 0.00 sec. (0.01 ticks)

Root node processing (before b&c):
  Real time             =    0.00 sec. (0.01 ticks)
Parallel b&c, 6 threads:
  Real time             =    0.00 sec. (0.00 ticks)
  Sync time (average)   =    0.00 sec.
  Wait time (average)   =    0.00 sec.
                          ------------
Total (root+branch&cut) =    0.00 sec. (0.01 ticks)


MIP - Integer infeasible.
Current MIP best bound =  0.0000000000e+00 (gap is infinite)
Solution time =    0.00 sec.  Iterations = 0  Nodes = 0 (1)
Deterministic time = 0.01 ticks  (12.28 ticks/sec)


Log started (V20.1.0.0) Sat Apr 30 01:07:57 2022


Problem 'file.lp' read.
Read time = 0.00 sec. (0.00 ticks)
No integer feasible solution exists.
Version identifier: 20.1.0.0 | 2020-11-10 | 9bedb6d68
Bound infeasibility column 'horasTrabalhar@0'.
Presolve time = 0.00 sec. (0.01 ticks)

Root node processing (before b&c):
  Real time             =    0.00 sec. (0.01 ticks)
Parallel b&c, 6 threads:
  Real time             =    0.00 sec. (0.00 ticks)
  Sync time (average)   =    0.00 sec.
  Wait time (average)   =    0.00 sec.
                          ------------
Total (root+branch&cut) =    0.00 sec. (0.01 ticks)


MIP - Integer infeasible.
Current MIP best bound =  0.0000000000e+00 (gap is infinite)
Solution time =    0.00 sec.  Iterations = 0  Nodes = 0 (1)
Deterministic time = 0.01 ticks  (11.98 ticks/sec)

No integer feasible solution exists.

Problem 'file.lp' read.
Read time = 0.00 sec. (0.00 ticks)
Version identifier: 20.1.0.0 | 2020-11-10 | 9bedb6d68
Bound infeasibility column 'horasTrabalhar@0'.
Presolve time = 0.00 sec. (0.01 ticks)

Root node processing (before b&c):
  Real time             =    0.00 sec. (0.01 ticks)
Parallel b&c, 6 threads:
  Real time             =    0.00 sec. (0.00 ticks)
  Sync time (average)   =    0.00 sec.
  Wait time (average)   =    0.00 sec.
                          ------------
Total (root+branch&cut) =    0.00 sec. (0.01 ticks)


MIP - Integer infeasible.
Current MIP best bound =  0.0000000000e+00 (gap is infinite)
Solution time =    0.00 sec.  Iterations = 0  Nodes = 0 (1)
Deterministic time = 0.01 ticks  (11.98 ticks/sec)

No integer feasible solution exists.
