
Log started (V20.1.0.0) Sun Aug  7 13:20:13 2022


Problem 'pp.lp' read.
Read time = 0.00 sec. (0.00 ticks)
Version identifier: 20.1.0.0 | 2020-11-10 | 9bedb6d68
Dual infeasible due to empty column 'x1'.
Presolve time = 0.00 sec. (0.00 ticks)
Presolve - Unbounded or infeasible.
Solution time =    0.00 sec.
Deterministic time = 0.00 ticks  (1.16 ticks/sec)
Version identifier: 20.1.0.0 | 2020-11-10 | 9bedb6d68
Dual infeasible due to empty column 'x1'.
Presolve time = 0.00 sec. (0.00 ticks)
Presolve - Unbounded or infeasible.
Solution time =    0.00 sec.
Deterministic time = 0.00 ticks  (1.15 ticks/sec)

Log started (V20.1.0.0) Sun Aug  7 13:24:15 2022

No problem exists.

Problem 'pd.lp' read.
Read time = 0.00 sec. (0.00 ticks)
Version identifier: 20.1.0.0 | 2020-11-10 | 9bedb6d68
Bound infeasibility column 'w2'.
Presolve time = 0.00 sec. (0.00 ticks)
Presolve - Infeasible.
Solution time =    0.00 sec.
Deterministic time = 0.00 ticks  (1.16 ticks/sec)

Problem 'pp.lp' read.
Read time = 0.00 sec. (0.00 ticks)
Version identifier: 20.1.0.0 | 2020-11-10 | 9bedb6d68
Dual infeasible due to empty column 'x1'.
Presolve time = 0.00 sec. (0.00 ticks)
Presolve - Unbounded or infeasible.
Solution time =    0.00 sec.
Deterministic time = 0.00 ticks  (1.16 ticks/sec)
No solution exists.

Log started (V20.1.0.0) Sun Aug  7 14:15:01 2022


Problem 'pp.lp' read.
Read time = 0.00 sec. (0.00 ticks)
Version identifier: 20.1.0.0 | 2020-11-10 | 9bedb6d68
Dual infeasible due to empty column 'x1'.
Presolve time = 0.00 sec. (0.00 ticks)
Presolve - Unbounded or infeasible.
Solution time =    0.00 sec.
Deterministic time = 0.00 ticks  (1.16 ticks/sec)

Log started (V20.1.0.0) Sun Aug  7 14:15:35 2022


Problem 'pd.lp' read.
Read time = 0.00 sec. (0.00 ticks)
Version identifier: 20.1.0.0 | 2020-11-10 | 9bedb6d68
Bound infeasibility column 'w2'.
Presolve time = 0.00 sec. (0.00 ticks)
Presolve - Infeasible.
Solution time =    0.00 sec.
Deterministic time = 0.00 ticks  (1.16 ticks/sec)
